Performing C SOURCE FILE Test CMAKE_HAVE_LIBC_PTHREAD failed with the following output:
Change Dir: /home/lowin/Documents/projects/BE/boids/build/CMakeFiles/CMakeTmp

Run Build Command(s):/usr/bin/gmake cmTC_5ffbf/fast && /usr/bin/gmake -f CMakeFiles/cmTC_5ffbf.dir/build.make CMakeFiles/cmTC_5ffbf.dir/build
gmake[1]: Entering directory '/home/lowin/Documents/projects/BE/boids/build/CMakeFiles/CMakeTmp'
Building C object CMakeFiles/cmTC_5ffbf.dir/src.c.o
/bin/clang-11   -DCMAKE_HAVE_LIBC_PTHREAD   -o CMakeFiles/cmTC_5ffbf.dir/src.c.o   -c /home/lowin/Documents/projects/BE/boids/build/CMakeFiles/CMakeTmp/src.c
Linking C executable cmTC_5ffbf
/usr/bin/cmake -E cmake_link_script CMakeFiles/cmTC_5ffbf.dir/link.txt --verbose=1
/bin/clang-11  -DCMAKE_HAVE_LIBC_PTHREAD    CMakeFiles/cmTC_5ffbf.dir/src.c.o  -o cmTC_5ffbf 
/bin/ld: CMakeFiles/cmTC_5ffbf.dir/src.c.o: in function `main':
src.c:(.text+0x35): undefined reference to `pthread_create'
/bin/ld: src.c:(.text+0x41): undefined reference to `pthread_detach'
/bin/ld: src.c:(.text+0x53): undefined reference to `pthread_join'
clang: error: linker command failed with exit code 1 (use -v to see invocation)
gmake[1]: *** [CMakeFiles/cmTC_5ffbf.dir/build.make:87: cmTC_5ffbf] Error 1
gmake[1]: Leaving directory '/home/lowin/Documents/projects/BE/boids/build/CMakeFiles/CMakeTmp'
gmake: *** [Makefile:121: cmTC_5ffbf/fast] Error 2


Source file was:
#include <pthread.h>

void* test_func(void* data)
{
  return data;
}

int main(void)
{
  pthread_t thread;
  pthread_create(&thread, NULL, test_func, NULL);
  pthread_detach(thread);
  pthread_join(thread, NULL);
  pthread_atfork(NULL, NULL, NULL);
  pthread_exit(NULL);

  return 0;
}

Determining if the function pthread_create exists in the pthreads failed with the following output:
Change Dir: /home/lowin/Documents/projects/BE/boids/build/CMakeFiles/CMakeTmp

Run Build Command(s):/usr/bin/gmake cmTC_55089/fast && /usr/bin/gmake -f CMakeFiles/cmTC_55089.dir/build.make CMakeFiles/cmTC_55089.dir/build
gmake[1]: Entering directory '/home/lowin/Documents/projects/BE/boids/build/CMakeFiles/CMakeTmp'
Building C object CMakeFiles/cmTC_55089.dir/CheckFunctionExists.c.o
/bin/clang-11   -DCHECK_FUNCTION_EXISTS=pthread_create   -o CMakeFiles/cmTC_55089.dir/CheckFunctionExists.c.o   -c /usr/share/cmake-3.16/Modules/CheckFunctionExists.c
Linking C executable cmTC_55089
/usr/bin/cmake -E cmake_link_script CMakeFiles/cmTC_55089.dir/link.txt --verbose=1
/bin/clang-11  -DCHECK_FUNCTION_EXISTS=pthread_create    CMakeFiles/cmTC_55089.dir/CheckFunctionExists.c.o  -o cmTC_55089  -lpthreads 
/bin/ld: cannot find -lpthreads
clang: error: linker command failed with exit code 1 (use -v to see invocation)
gmake[1]: *** [CMakeFiles/cmTC_55089.dir/build.make:87: cmTC_55089] Error 1
gmake[1]: Leaving directory '/home/lowin/Documents/projects/BE/boids/build/CMakeFiles/CMakeTmp'
gmake: *** [Makefile:121: cmTC_55089/fast] Error 2



